2012 281  0  -2.6   5.4  -1.0   5.7  318.    -7  97.9    -4
2012 281  1  -1.2   5.6   0.4   6.2  324.    -7  97.9   -12
2012 281  2  -1.4   5.5  -0.2   6.2  318.    -8  97.9   -15
2012 281  3  -0.7   5.5  -2.1   6.3  323.    -9  97.9   -53
2012 281  4  -3.0   5.0  -0.9   6.2  309.   -11  97.9   -93
2012 281  5  -3.1   4.9  -0.8   6.7  311.   -10  97.9   -38
2012 281  6  -0.1   5.3   1.9   7.1  321.    -6  97.9   -69
2012 281  7  -2.6   4.4  -0.4   7.8  316.    -2  97.9   -78
2012 281  8  -3.8   4.9  -2.4   8.2  313.    -2  97.9   -81
2012 281  9  -1.9   4.7  -0.7  10.5  312.    -4  97.9  -139
2012 281 10  -0.6   6.2   4.2   7.6  321.    -3  97.9  -107
2012 281 11  -2.6   7.3   2.2   7.8  337.     0  97.9   -31
2012 281 12  -3.7   6.9   1.4   8.8  334.     2  97.9   -24
2012 281 13  -3.1   6.3   3.6   7.1  333.    -1  97.9   -17
2012 281 14  -2.4   4.6   6.8   5.8  337.    -4  97.9   -17
2012 281 15  -3.1   5.7   5.5   6.1  338.    -6  97.9   -17
2012 281 16  -3.6   6.6   2.1   7.3  335.    -4  97.9   -21
2012 281 17  -3.9   6.9  -1.4   7.6  333.    -3  97.9   -17
2012 281 18  -3.5   5.5  -4.8   6.1  333.    -7  97.9   -92
2012 281 19  -3.6   4.8  -6.2   3.3  332.   -15  97.9  -198
2012 281 20  -4.5   5.0  -5.2   4.3  326.   -21  97.9  -269
2012 281 21  -4.7   4.6  -5.3   3.8  323.   -22  97.9  -209
2012 281 22  -3.6   6.1  -4.8   4.0  326.   -22  97.9  -156
2012 281 23  -5.0   4.3  -4.4   5.1  309.   -20  97.9  -275
2012 282  0  -3.0   5.5  -5.2   5.0  323.   -20 103.2  -393
2012 282  1  -3.3   5.1  -6.1   5.3  322.   -19 103.2  -223
2012 282  2  -4.4   4.5  -5.8   4.9  311.   -21 103.2  -183
2012 282  3  -3.3   5.9  -4.8   5.8  320.   -23 103.2  -171
2012 282  4  -3.0  -0.1  -7.2   6.3  318.   -25 103.2  -195
2012 282  5  -5.0   4.0  -7.9   9.4  338.   -27 103.2  -454
2012 282  6  -4.0   2.2 -11.3  15.2  382.   -41 103.2  -518
2012 282  7  -4.2   0.7 -14.3  14.1  373.   -66 103.2  -644
2012 282  8  -3.3  -1.2 -14.4  12.3  374.   -82 103.2  -847
2012 282  9  -3.9  -2.6 -13.9  11.9  363.   -89 103.2  -897
2012 282 10  -4.8   0.4 -11.5  11.9  360.   -98 103.2  -541
2012 282 11  -0.7  -5.1 -10.0  17.2  366.   -97 103.2  -547
2012 282 12   4.3  -6.3  -2.5  19.0  378.   -99 103.2  -626
2012 282 13   5.8  -1.5   5.3  20.7  384.   -89 103.2  -259
2012 282 14   8.1  -3.2   5.5  12.4  391.   -77 103.2   -71
2012 282 15   8.9  -6.6   4.0  10.2  404.   -77 103.2   -36
2012 282 16   3.5   1.5   8.7  11.8  429.   -70 103.2   -70
2012 282 17  -1.6   7.1   9.8   8.2  448.   -61 103.2   -40
2012 282 18  -4.7  10.0  -1.3   5.6  403.   -58 103.2   -53
2012 282 19  -0.2   6.6 -14.5   3.2  392.   -62 103.2  -226
2012 282 20   0.8   6.2 -14.6   3.8  401.   -72 103.2  -620
2012 282 21  -0.5   6.4 -14.7   3.2  387.   -83 103.2  -658
2012 282 22   1.2   5.2 -15.1   2.3  370.   -92 103.2  -654
2012 282 23  -0.2   6.7 -14.6   2.2  346.   -99 103.2  -469
2012 283  0   1.3  -0.3 -14.6   3.0  380.   -93 105.9  -594
2012 283  1   2.5  -7.1 -13.9   6.7  391.  -101 105.9  -729
2012 283  2   1.9  -8.3 -13.4   4.9  391.   -99 105.9  -792
2012 283  3   0.0  -7.4 -13.7   5.1  387.   -85 105.9  -684
2012 283  4  -0.9  -4.7 -14.9   5.9  392.   -91 105.9  -787
2012 283  5   3.1  -8.4 -12.9   4.0  366.  -107 105.9  -469
2012 283  6   0.4  -6.2 -14.1   3.4  366.  -105 105.9  -647
2012 283  7   1.6  -7.4 -13.6   2.6  385.   -99 105.9  -811
2012 283  8   5.8 -12.3  -6.6   1.7  442.  -109 105.9  -508
2012 283  9   6.6 -13.4  -3.8   2.1  466.  -107 105.9  -316
2012 283 10   6.8 -13.0   0.2   5.2  404.   -86 105.9  -561
2012 283 11   7.3 -11.5   4.5   6.3  390.   -73 105.9  -114
2012 283 12   7.6 -11.6   2.0   5.3  390.   -66 105.9   -36
2012 283 13   7.4 -11.5   3.3   5.0  399.   -64 105.9  -114
2012 283 14   6.7 -11.7   3.4   5.2  405.   -64 105.9   -63
2012 283 15   6.9  -9.9   5.8   5.5  410.   -64 105.9   -82
2012 283 16   6.9 -10.1   1.7   6.7  410.   -57 105.9   -45
2012 283 17   7.3  -9.7   1.2   8.3  410.   -52 105.9  -102
2012 283 18   6.9  -7.8   2.1   9.1  418.   -49 105.9  -112
2012 283 19   4.0  -5.2   1.9  10.1  445.   -42 105.9  -167
2012 283 20   7.6  -8.9   3.3   9.2  491.   -32 105.9  -171
2012 283 21   4.9 -13.2  -3.1   8.7  506.   -32 105.9  -208
2012 283 22   5.3  -8.5   1.6   8.5  511.   -39 105.9  -329
2012 283 23   4.1  -8.8   0.2   7.4  527.   -36 105.9  -145